error: 
 --> ui/main.rs:5:16
  |
5 |     let x = 42; // This should trigger the lint
  |                ^^^^^^^^^^^^^^^^^^^^^^^^^^^^^^^^
  |
  = note: end-of-line comments should be moved or removed
  = help: consider removing or moving this comment
  = note: `-D eol-comments` implied by `-D warnings`
  = help: to override `-D warnings` add `#[allow(eol_comments)]`
help: remove EOL comment
  |
5 -     let x = 42; // This should trigger the lint
5 +     let x = 42;
  |

error: 
 --> ui/main.rs:7:16
  |
7 |     let y = 10; // Another end-of-line comment
  |                ^^^^^^^^^^^^^^^^^^^^^^^^^^^^^^^
  |
  = note: end-of-line comments should be moved or removed
  = help: consider removing or moving this comment
help: remove EOL comment
  |
7 -     let y = 10; // Another end-of-line comment
7 +     let y = 10;
  |

error: 
  --> ui/main.rs:11:19
   |
11 |     let z = x + y; // But this comment is not
   |                   ^^^^^^^^^^^^^^^^^^^^^^^^^^^
   |
   = note: end-of-line comments should be moved or removed
   = help: consider removing or moving this comment
help: remove EOL comment
   |
11 -     let z = x + y; // But this comment is not
11 +     let z = x + y;
   |

error: 
  --> ui/main.rs:21:35
   |
21 |         println!("y is positive"); // This should trigger the lint
   |                                   ^^^^^^^^^^^^^^^^^^^^^^^^^^^^^^^^
   |
   = note: end-of-line comments should be moved or removed
   = help: consider removing or moving this comment
help: remove EOL comment
   |
21 -         println!("y is positive"); // This should trigger the lint
21 +         println!("y is positive");
   |

error: 
  --> ui/main.rs:27:30
   |
27 |         42 => "magic number", /* block comment should not be here */
   |                              ^^^^^^^^^^^^^^^^^^^^^^^^^^^^^^^^^^^^^^^
   |
   = note: end-of-line comments should be moved or removed
   = help: consider removing or moving this comment
help: move block comment to its own line
   |
27 ~         42 => "magic number", 
28 ~  /* block comment should not be here */
   |

error: 
  --> ui/main.rs:36:12
   |
36 |     x: i32, // Field comment - should trigger lint
   |            ^^^^^^^^^^^^^^^^^^^^^^^^^^^^^^^^^^^^^^^
   |
   = note: end-of-line comments should be moved or removed
   = help: consider removing or moving this comment
help: remove EOL comment
   |
36 -     x: i32, // Field comment - should trigger lint
36 +     x: i32,
   |

error: 
  --> ui/main.rs:38:12
   |
38 |     y: i32, // Another field comment - should trigger lint
   |            ^^^^^^^^^^^^^^^^^^^^^^^^^^^^^^^^^^^^^^^^^^^^^^^
   |
   = note: end-of-line comments should be moved or removed
   = help: consider removing or moving this comment
help: remove EOL comment
   |
38 -     y: i32, // Another field comment - should trigger lint
38 +     y: i32,
   |

error: 
  --> ui/main.rs:50:60
   |
50 |         ((self.x * self.x + self.y * self.y) as f64).sqrt() // Should trigger lint
   |                                                            ^^^^^^^^^^^^^^^^^^^^^^^
   |
   = note: end-of-line comments should be moved or removed
   = help: consider removing or moving this comment
help: remove EOL comment
   |
50 -         ((self.x * self.x + self.y * self.y) as f64).sqrt() // Should trigger lint
50 +         ((self.x * self.x + self.y * self.y) as f64).sqrt()
   |

error: aborting due to 8 previous errors

